[debug] [2018-08-09T19:06:30.555Z] ----------------------------------------------------------------------
[debug] [2018-08-09T19:06:30.557Z] Command:       /usr/bin/node /home/arek/.npm-global/bin/firebase init
[debug] [2018-08-09T19:06:30.557Z] CLI Version:   4.0.3
[debug] [2018-08-09T19:06:30.557Z] Platform:      linux
[debug] [2018-08-09T19:06:30.557Z] Node Version:  v8.11.3
[debug] [2018-08-09T19:06:30.557Z] Time:          Thu Aug 09 2018 21:06:30 GMT+0200 (DST)
[debug] [2018-08-09T19:06:30.557Z] ----------------------------------------------------------------------
[debug] 
[debug] [2018-08-09T19:06:30.563Z] > command requires scopes: ["email","openid","https://www.googleapis.com/auth/cloudplatformprojects.readonly","https://www.googleapis.com/auth/firebase"]
[debug] [2018-08-09T19:06:30.563Z] > authorizing via signed-in user
[info] 
     ######## #### ########  ######## ########     ###     ######  ########
     ##        ##  ##     ## ##       ##     ##  ##   ##  ##       ##
     ######    ##  ########  ######   ########  #########  ######  ######
     ##        ##  ##    ##  ##       ##     ## ##     ##       ## ##
     ##       #### ##     ## ######## ########  ##     ##  ######  ########

You're about to initialize a Firebase project in this directory:

  /mnt/c/Users/ArekR/Desktop/test/functions

Before we get started, keep in mind:

  * You are currently outside your home directory

[info] 
=== Project Setup
[info] 
[info] First, let's associate this project directory with a Firebase project.
[info] You can create multiple project aliases by running firebase use --add, 
[info] but for now we'll just set up a default project.
[info] 
[debug] [2018-08-09T19:06:35.443Z] > refreshing access token with scopes: ["email","https://www.googleapis.com/auth/cloudplatformprojects.readonly","https://www.googleapis.com/auth/firebase","openid"]
[debug] [2018-08-09T19:06:35.443Z] >>> HTTP REQUEST POST https://www.googleapis.com/oauth2/v3/token  
 { refresh_token: '1/5eQP3uMs2bNiVWclI8rbzJH5sW6NlXUA1hPbInFuCu4',
  client_id: '563584335869-fgrhgmd47bqnekij5i8b5pr03ho849e6.apps.googleusercontent.com',
  client_secret: 'j9iVZfS8kkCEFUPaAeJV0sAi',
  grant_type: 'refresh_token',
  scope: 'email https://www.googleapis.com/auth/cloudplatformprojects.readonly https://www.googleapis.com/auth/firebase openid' } 
 Thu Aug 09 2018 21:06:35 GMT+0200 (DST)
[debug] [2018-08-09T19:06:35.670Z] <<< HTTP RESPONSE 200
[debug] [2018-08-09T19:06:35.681Z] >>> HTTP REQUEST GET https://admin.firebase.com/v1/projects  
  
 Thu Aug 09 2018 21:06:35 GMT+0200 (DST)
[debug] [2018-08-09T19:06:36.743Z] <<< HTTP RESPONSE 200
[info] 
=== Functions Setup
[info] 
[info] A functions directory will be created in your project with a Node.js
[info] package pre-configured. Functions can be deployed with firebase deploy.
[info] 
[debug] [2018-08-09T19:06:48.249Z] > command requires scopes: ["email","openid","https://www.googleapis.com/auth/cloudplatformprojects.readonly","https://www.googleapis.com/auth/firebase","https://www.googleapis.com/auth/cloud-platform"]
[debug] [2018-08-09T19:06:48.250Z] > authorizing via signed-in user
[debug] [2018-08-09T19:06:48.250Z] > refreshing access token with scopes: ["email","https://www.googleapis.com/auth/cloud-platform","https://www.googleapis.com/auth/cloudplatformprojects.readonly","https://www.googleapis.com/auth/firebase","openid"]
[debug] [2018-08-09T19:06:48.250Z] >>> HTTP REQUEST POST https://www.googleapis.com/oauth2/v3/token  
 { refresh_token: '1/5eQP3uMs2bNiVWclI8rbzJH5sW6NlXUA1hPbInFuCu4',
  client_id: '563584335869-fgrhgmd47bqnekij5i8b5pr03ho849e6.apps.googleusercontent.com',
  client_secret: 'j9iVZfS8kkCEFUPaAeJV0sAi',
  grant_type: 'refresh_token',
  scope: 'email https://www.googleapis.com/auth/cloud-platform https://www.googleapis.com/auth/cloudplatformprojects.readonly https://www.googleapis.com/auth/firebase openid' } 
 Thu Aug 09 2018 21:06:48 GMT+0200 (DST)
[debug] [2018-08-09T19:06:48.444Z] <<< HTTP RESPONSE 200
[debug] [2018-08-09T19:06:48.456Z] >>> HTTP REQUEST GET https://admin.firebase.com/v1/projects/guild-wars-2-exchange  
  
 Thu Aug 09 2018 21:06:48 GMT+0200 (DST)
[debug] [2018-08-09T19:06:49.110Z] <<< HTTP RESPONSE 200
[debug] [2018-08-09T19:06:49.112Z] >>> HTTP REQUEST GET https://admin.firebase.com/v1/database/guild-wars-2-exchange/tokens  
  
 Thu Aug 09 2018 21:06:49 GMT+0200 (DST)
[debug] [2018-08-09T19:06:49.939Z] <<< HTTP RESPONSE 200
[debug] [2018-08-09T19:06:49.941Z] >>> HTTP REQUEST PATCH https://servicemanagement.googleapis.com/v1/services/cloudfunctions.googleapis.com/projectSettings/guild-wars-2-exchange?updateMask=usageSettings  
 { usageSettings: { consumerEnableStatus: 'ENABLED' } } 
 Thu Aug 09 2018 21:06:49 GMT+0200 (DST)
[debug] [2018-08-09T19:06:49.942Z] >>> HTTP REQUEST PATCH https://servicemanagement.googleapis.com/v1/services/runtimeconfig.googleapis.com/projectSettings/guild-wars-2-exchange?updateMask=usageSettings  
 { usageSettings: { consumerEnableStatus: 'ENABLED' } } 
 Thu Aug 09 2018 21:06:49 GMT+0200 (DST)
[debug] [2018-08-09T19:06:51.734Z] <<< HTTP RESPONSE 200
[debug] [2018-08-09T19:06:51.834Z] <<< HTTP RESPONSE 200
[info] ✔  Wrote functions/package.json
[info] ✔  Wrote functions/tslint.json
[info] ✔  Wrote functions/tsconfig.json
[info] ✔  Wrote functions/src/index.ts
[debug] [2018-08-09T19:12:58.488Z] Error: ENOENT: no such file or directory, unlink '/mnt/c/Users/ArekR/Desktop/test/functions/firebase-debug.log'
    at Object.fs.unlinkSync (fs.js:1061:18)
    at process.<anonymous> (/home/arek/.npm-global/lib/node_modules/firebase-tools/bin/firebase:63:8)
    at emitOne (events.js:121:20)
    at process.emit (events.js:211:7)
